[0.081s] DEBUG:colcon:Command line arguments: ['/usr/bin/colcon', 'build']
[0.081s] DEBUG:colcon:Parsed command line arguments: Namespace(log_base=None, log_level=None, verb_name='build', build_base='build', install_base='install', merge_install=False, symlink_install=False, test_result_base=None, continue_on_error=False, executor='parallel', parallel_workers=12, event_handlers=None, ignore_user_meta=False, metas=['./colcon.meta'], base_paths=['.'], packages_ignore=None, packages_ignore_regex=None, paths=None, packages_up_to=None, packages_up_to_regex=None, packages_above=None, packages_above_and_dependencies=None, packages_above_depth=None, packages_select_by_dep=None, packages_skip_by_dep=None, packages_skip_up_to=None, packages_select_build_failed=False, packages_skip_build_finished=False, packages_select_test_failures=False, packages_skip_test_passed=False, packages_select=None, packages_skip=None, packages_select_regex=None, packages_skip_regex=None, packages_start=None, packages_end=None, allow_overriding=[], cmake_args=None, cmake_target=None, cmake_target_skip_unavailable=False, cmake_clean_cache=False, cmake_clean_first=False, cmake_force_configure=False, ament_cmake_args=None, catkin_cmake_args=None, catkin_skip_building_tests=False, mixin_files=None, mixin=None, verb_parser=<colcon_mixin.mixin.mixin_argument.MixinArgumentDecorator object at 0x7491067524a0>, verb_extension=<colcon_core.verb.build.BuildVerb object at 0x749106751de0>, main=<bound method BuildVerb.main of <colcon_core.verb.build.BuildVerb object at 0x749106751de0>>, mixin_verb=('build',))
[0.217s] Level 1:colcon.colcon_core.package_discovery:discover_packages(colcon_meta) check parameters
[0.217s] Level 1:colcon.colcon_core.package_discovery:discover_packages(recursive) check parameters
[0.217s] Level 1:colcon.colcon_core.package_discovery:discover_packages(ignore) check parameters
[0.217s] Level 1:colcon.colcon_core.package_discovery:discover_packages(path) check parameters
[0.217s] Level 1:colcon.colcon_core.package_discovery:discover_packages(colcon_meta) discover
[0.217s] Level 1:colcon.colcon_core.package_discovery:discover_packages(recursive) discover
[0.217s] INFO:colcon.colcon_core.package_discovery:Crawling recursively for packages in '/home/csrobot/turtlebot3_ws'
[0.217s] Level 1:colcon.colcon_core.package_identification:_identify(.) by extensions ['ignore', 'ignore_ament_install']
[0.217s] Level 1:colcon.colcon_core.package_identification:_identify(.) by extension 'ignore'
[0.217s] Level 1:colcon.colcon_core.package_identification:_identify(.) by extension 'ignore_ament_install'
[0.217s] Level 1:colcon.colcon_core.package_identification:_identify(.) by extensions ['colcon_pkg']
[0.217s] Level 1:colcon.colcon_core.package_identification:_identify(.) by extension 'colcon_pkg'
[0.217s] Level 1:colcon.colcon_core.package_identification:_identify(.) by extensions ['colcon_meta']
[0.217s] Level 1:colcon.colcon_core.package_identification:_identify(.) by extension 'colcon_meta'
[0.217s] Level 1:colcon.colcon_core.package_identification:_identify(.) by extensions ['ros']
[0.217s] Level 1:colcon.colcon_core.package_identification:_identify(.) by extension 'ros'
[0.226s] Level 1:colcon.colcon_core.package_identification:_identify(.) by extensions ['cmake', 'python']
[0.226s] Level 1:colcon.colcon_core.package_identification:_identify(.) by extension 'cmake'
[0.226s] Level 1:colcon.colcon_core.package_identification:_identify(.) by extension 'python'
[0.226s] Level 1:colcon.colcon_core.package_identification:_identify(.) by extensions ['python_setup_py']
[0.226s] Level 1:colcon.colcon_core.package_identification:_identify(.) by extension 'python_setup_py'
[0.226s] Level 1:colcon.colcon_core.package_identification:_identify(build) by extensions ['ignore', 'ignore_ament_install']
[0.226s] Level 1:colcon.colcon_core.package_identification:_identify(build) by extension 'ignore'
[0.226s] Level 1:colcon.colcon_core.package_identification:_identify(build) ignored
[0.226s] Level 1:colcon.colcon_core.package_identification:_identify(install) by extensions ['ignore', 'ignore_ament_install']
[0.226s] Level 1:colcon.colcon_core.package_identification:_identify(install) by extension 'ignore'
[0.226s] Level 1:colcon.colcon_core.package_identification:_identify(install) ignored
[0.226s] Level 1:colcon.colcon_core.package_identification:_identify(log) by extensions ['ignore', 'ignore_ament_install']
[0.226s] Level 1:colcon.colcon_core.package_identification:_identify(log) by extension 'ignore'
[0.226s] Level 1:colcon.colcon_core.package_identification:_identify(log) ignored
[0.226s] Level 1:colcon.colcon_core.package_identification:_identify(src) by extensions ['ignore', 'ignore_ament_install']
[0.226s] Level 1:colcon.colcon_core.package_identification:_identify(src) by extension 'ignore'
[0.226s] Level 1:colcon.colcon_core.package_identification:_identify(src) by extension 'ignore_ament_install'
[0.226s] Level 1:colcon.colcon_core.package_identification:_identify(src) by extensions ['colcon_pkg']
[0.227s] Level 1:colcon.colcon_core.package_identification:_identify(src) by extension 'colcon_pkg'
[0.227s] Level 1:colcon.colcon_core.package_identification:_identify(src) by extensions ['colcon_meta']
[0.227s] Level 1:colcon.colcon_core.package_identification:_identify(src) by extension 'colcon_meta'
[0.227s] Level 1:colcon.colcon_core.package_identification:_identify(src) by extensions ['ros']
[0.227s] Level 1:colcon.colcon_core.package_identification:_identify(src) by extension 'ros'
[0.227s] Level 1:colcon.colcon_core.package_identification:_identify(src) by extensions ['cmake', 'python']
[0.227s] Level 1:colcon.colcon_core.package_identification:_identify(src) by extension 'cmake'
[0.227s] Level 1:colcon.colcon_core.package_identification:_identify(src) by extension 'python'
[0.227s] Level 1:colcon.colcon_core.package_identification:_identify(src) by extensions ['python_setup_py']
[0.227s] Level 1:colcon.colcon_core.package_identification:_identify(src) by extension 'python_setup_py'
[0.227s] Level 1:colcon.colcon_core.package_identification:_identify(src/path_planner_server) by extensions ['ignore', 'ignore_ament_install']
[0.227s] Level 1:colcon.colcon_core.package_identification:_identify(src/path_planner_server) by extension 'ignore'
[0.227s] Level 1:colcon.colcon_core.package_identification:_identify(src/path_planner_server) by extension 'ignore_ament_install'
[0.227s] Level 1:colcon.colcon_core.package_identification:_identify(src/path_planner_server) by extensions ['colcon_pkg']
[0.227s] Level 1:colcon.colcon_core.package_identification:_identify(src/path_planner_server) by extension 'colcon_pkg'
[0.227s] Level 1:colcon.colcon_core.package_identification:_identify(src/path_planner_server) by extensions ['colcon_meta']
[0.227s] Level 1:colcon.colcon_core.package_identification:_identify(src/path_planner_server) by extension 'colcon_meta'
[0.227s] Level 1:colcon.colcon_core.package_identification:_identify(src/path_planner_server) by extensions ['ros']
[0.227s] Level 1:colcon.colcon_core.package_identification:_identify(src/path_planner_server) by extension 'ros'
[0.229s] DEBUG:colcon.colcon_core.package_identification:Package 'src/path_planner_server' with type 'ros.ament_python' and name 'path_planner_server'
[0.229s] Level 1:colcon.colcon_core.package_identification:_identify(src/turtlebot3_navigation) by extensions ['ignore', 'ignore_ament_install']
[0.229s] Level 1:colcon.colcon_core.package_identification:_identify(src/turtlebot3_navigation) by extension 'ignore'
[0.229s] Level 1:colcon.colcon_core.package_identification:_identify(src/turtlebot3_navigation) by extension 'ignore_ament_install'
[0.229s] Level 1:colcon.colcon_core.package_identification:_identify(src/turtlebot3_navigation) by extensions ['colcon_pkg']
[0.229s] Level 1:colcon.colcon_core.package_identification:_identify(src/turtlebot3_navigation) by extension 'colcon_pkg'
[0.229s] Level 1:colcon.colcon_core.package_identification:_identify(src/turtlebot3_navigation) by extensions ['colcon_meta']
[0.229s] Level 1:colcon.colcon_core.package_identification:_identify(src/turtlebot3_navigation) by extension 'colcon_meta'
[0.229s] Level 1:colcon.colcon_core.package_identification:_identify(src/turtlebot3_navigation) by extensions ['ros']
[0.229s] Level 1:colcon.colcon_core.package_identification:_identify(src/turtlebot3_navigation) by extension 'ros'
[0.230s] DEBUG:colcon.colcon_core.package_identification:Package 'src/turtlebot3_navigation' with type 'ros.ament_python' and name 'turtlebot3_navigation'
[0.230s] Level 1:colcon.colcon_core.package_discovery:discover_packages(recursive) using defaults
[0.230s] Level 1:colcon.colcon_core.package_discovery:discover_packages(ignore) discover
[0.230s] Level 1:colcon.colcon_core.package_discovery:discover_packages(ignore) using defaults
[0.230s] Level 1:colcon.colcon_core.package_discovery:discover_packages(path) discover
[0.230s] Level 1:colcon.colcon_core.package_discovery:discover_packages(path) using defaults
[0.252s] Level 1:colcon.colcon_core.package_discovery:discover_packages(prefix_path) check parameters
[0.252s] Level 1:colcon.colcon_core.package_discovery:discover_packages(prefix_path) discover
[0.253s] DEBUG:colcon.colcon_installed_package_information.package_discovery:Found 1 installed packages in /home/csrobot/turtlebot3_ws/install
[0.255s] DEBUG:colcon.colcon_installed_package_information.package_discovery:Found 373 installed packages in /opt/ros/humble
[0.256s] Level 1:colcon.colcon_core.package_discovery:discover_packages(prefix_path) using defaults
[0.293s] Level 5:colcon.colcon_core.verb:set package 'path_planner_server' build argument 'cmake_args' from command line to 'None'
[0.293s] Level 5:colcon.colcon_core.verb:set package 'path_planner_server' build argument 'cmake_target' from command line to 'None'
[0.293s] Level 5:colcon.colcon_core.verb:set package 'path_planner_server' build argument 'cmake_target_skip_unavailable' from command line to 'False'
[0.293s] Level 5:colcon.colcon_core.verb:set package 'path_planner_server' build argument 'cmake_clean_cache' from command line to 'False'
[0.293s] Level 5:colcon.colcon_core.verb:set package 'path_planner_server' build argument 'cmake_clean_first' from command line to 'False'
[0.293s] Level 5:colcon.colcon_core.verb:set package 'path_planner_server' build argument 'cmake_force_configure' from command line to 'False'
[0.293s] Level 5:colcon.colcon_core.verb:set package 'path_planner_server' build argument 'ament_cmake_args' from command line to 'None'
[0.293s] Level 5:colcon.colcon_core.verb:set package 'path_planner_server' build argument 'catkin_cmake_args' from command line to 'None'
[0.293s] Level 5:colcon.colcon_core.verb:set package 'path_planner_server' build argument 'catkin_skip_building_tests' from command line to 'False'
[0.293s] DEBUG:colcon.colcon_core.verb:Building package 'path_planner_server' with the following arguments: {'ament_cmake_args': None, 'build_base': '/home/csrobot/turtlebot3_ws/build/path_planner_server', 'catkin_cmake_args': None, 'catkin_skip_building_tests': False, 'cmake_args': None, 'cmake_clean_cache': False, 'cmake_clean_first': False, 'cmake_force_configure': False, 'cmake_target': None, 'cmake_target_skip_unavailable': False, 'install_base': '/home/csrobot/turtlebot3_ws/install/path_planner_server', 'merge_install': False, 'path': '/home/csrobot/turtlebot3_ws/src/path_planner_server', 'symlink_install': False, 'test_result_base': None}
[0.294s] Level 5:colcon.colcon_core.verb:set package 'turtlebot3_navigation' build argument 'cmake_args' from command line to 'None'
[0.294s] Level 5:colcon.colcon_core.verb:set package 'turtlebot3_navigation' build argument 'cmake_target' from command line to 'None'
[0.294s] Level 5:colcon.colcon_core.verb:set package 'turtlebot3_navigation' build argument 'cmake_target_skip_unavailable' from command line to 'False'
[0.294s] Level 5:colcon.colcon_core.verb:set package 'turtlebot3_navigation' build argument 'cmake_clean_cache' from command line to 'False'
[0.294s] Level 5:colcon.colcon_core.verb:set package 'turtlebot3_navigation' build argument 'cmake_clean_first' from command line to 'False'
[0.294s] Level 5:colcon.colcon_core.verb:set package 'turtlebot3_navigation' build argument 'cmake_force_configure' from command line to 'False'
[0.294s] Level 5:colcon.colcon_core.verb:set package 'turtlebot3_navigation' build argument 'ament_cmake_args' from command line to 'None'
[0.294s] Level 5:colcon.colcon_core.verb:set package 'turtlebot3_navigation' build argument 'catkin_cmake_args' from command line to 'None'
[0.294s] Level 5:colcon.colcon_core.verb:set package 'turtlebot3_navigation' build argument 'catkin_skip_building_tests' from command line to 'False'
[0.294s] DEBUG:colcon.colcon_core.verb:Building package 'turtlebot3_navigation' with the following arguments: {'ament_cmake_args': None, 'build_base': '/home/csrobot/turtlebot3_ws/build/turtlebot3_navigation', 'catkin_cmake_args': None, 'catkin_skip_building_tests': False, 'cmake_args': None, 'cmake_clean_cache': False, 'cmake_clean_first': False, 'cmake_force_configure': False, 'cmake_target': None, 'cmake_target_skip_unavailable': False, 'install_base': '/home/csrobot/turtlebot3_ws/install/turtlebot3_navigation', 'merge_install': False, 'path': '/home/csrobot/turtlebot3_ws/src/turtlebot3_navigation', 'symlink_install': False, 'test_result_base': None}
[0.294s] INFO:colcon.colcon_core.executor:Executing jobs using 'parallel' executor
[0.295s] DEBUG:colcon.colcon_parallel_executor.executor.parallel:run_until_complete
[0.295s] INFO:colcon.colcon_ros.task.ament_python.build:Building ROS package in '/home/csrobot/turtlebot3_ws/src/path_planner_server' with build type 'ament_python'
[0.295s] Level 1:colcon.colcon_core.shell:create_environment_hook('path_planner_server', 'ament_prefix_path')
[0.296s] INFO:colcon.colcon_core.plugin_system:Skipping extension 'colcon_core.shell.bat': Not used on non-Windows systems
[0.297s] INFO:colcon.colcon_core.shell:Creating environment hook '/home/csrobot/turtlebot3_ws/install/path_planner_server/share/path_planner_server/hook/ament_prefix_path.ps1'
[0.297s] INFO:colcon.colcon_core.shell:Creating environment descriptor '/home/csrobot/turtlebot3_ws/install/path_planner_server/share/path_planner_server/hook/ament_prefix_path.dsv'
[0.297s] INFO:colcon.colcon_core.shell:Creating environment hook '/home/csrobot/turtlebot3_ws/install/path_planner_server/share/path_planner_server/hook/ament_prefix_path.sh'
[0.298s] INFO:colcon.colcon_core.shell:Skip shell extension 'powershell' for command environment: Not usable outside of PowerShell
[0.298s] DEBUG:colcon.colcon_core.shell:Skip shell extension 'dsv' for command environment
[0.301s] INFO:colcon.colcon_ros.task.ament_python.build:Building ROS package in '/home/csrobot/turtlebot3_ws/src/turtlebot3_navigation' with build type 'ament_python'
[0.301s] Level 1:colcon.colcon_core.shell:create_environment_hook('turtlebot3_navigation', 'ament_prefix_path')
[0.301s] INFO:colcon.colcon_core.shell:Creating environment hook '/home/csrobot/turtlebot3_ws/install/turtlebot3_navigation/share/turtlebot3_navigation/hook/ament_prefix_path.ps1'
[0.301s] INFO:colcon.colcon_core.shell:Creating environment descriptor '/home/csrobot/turtlebot3_ws/install/turtlebot3_navigation/share/turtlebot3_navigation/hook/ament_prefix_path.dsv'
[0.302s] INFO:colcon.colcon_core.shell:Creating environment hook '/home/csrobot/turtlebot3_ws/install/turtlebot3_navigation/share/turtlebot3_navigation/hook/ament_prefix_path.sh'
[0.302s] INFO:colcon.colcon_core.shell:Skip shell extension 'powershell' for command environment: Not usable outside of PowerShell
[0.302s] DEBUG:colcon.colcon_core.shell:Skip shell extension 'dsv' for command environment
[0.503s] INFO:colcon.colcon_core.task.python.build:Building Python package in '/home/csrobot/turtlebot3_ws/src/path_planner_server'
[0.503s] INFO:colcon.colcon_core.shell:Skip shell extension 'powershell' for command environment: Not usable outside of PowerShell
[0.503s] DEBUG:colcon.colcon_core.shell:Skip shell extension 'dsv' for command environment
[0.702s] INFO:colcon.colcon_core.task.python.build:Building Python package in '/home/csrobot/turtlebot3_ws/src/turtlebot3_navigation'
[0.703s] INFO:colcon.colcon_core.shell:Skip shell extension 'powershell' for command environment: Not usable outside of PowerShell
[0.703s] DEBUG:colcon.colcon_core.shell:Skip shell extension 'dsv' for command environment
[0.985s] DEBUG:colcon.colcon_core.event_handler.log_command:Invoking command in '/home/csrobot/turtlebot3_ws/src/turtlebot3_navigation': PYTHONPATH=/home/csrobot/turtlebot3_ws/build/turtlebot3_navigation/prefix_override:/home/csrobot/turtlebot3_ws/install/turtlebot3_navigation/lib/python3.10/site-packages:${PYTHONPATH} /usr/bin/python3 -W ignore:setup.py install is deprecated setup.py egg_info --egg-base ../../build/turtlebot3_navigation build --build-base /home/csrobot/turtlebot3_ws/build/turtlebot3_navigation/build install --record /home/csrobot/turtlebot3_ws/build/turtlebot3_navigation/install.log --single-version-externally-managed install_data
[0.989s] DEBUG:colcon.colcon_core.event_handler.log_command:Invoking command in '/home/csrobot/turtlebot3_ws/src/path_planner_server': PYTHONPATH=/home/csrobot/turtlebot3_ws/build/path_planner_server/prefix_override:/home/csrobot/turtlebot3_ws/install/path_planner_server/lib/python3.10/site-packages:${PYTHONPATH} /usr/bin/python3 -W ignore:setup.py install is deprecated setup.py egg_info --egg-base ../../build/path_planner_server build --build-base /home/csrobot/turtlebot3_ws/build/path_planner_server/build install --record /home/csrobot/turtlebot3_ws/build/path_planner_server/install.log --single-version-externally-managed install_data
[1.208s] DEBUG:colcon.colcon_core.event_handler.log_command:Invoked command in '/home/csrobot/turtlebot3_ws/src/turtlebot3_navigation' returned '0': PYTHONPATH=/home/csrobot/turtlebot3_ws/build/turtlebot3_navigation/prefix_override:/home/csrobot/turtlebot3_ws/install/turtlebot3_navigation/lib/python3.10/site-packages:${PYTHONPATH} /usr/bin/python3 -W ignore:setup.py install is deprecated setup.py egg_info --egg-base ../../build/turtlebot3_navigation build --build-base /home/csrobot/turtlebot3_ws/build/turtlebot3_navigation/build install --record /home/csrobot/turtlebot3_ws/build/turtlebot3_navigation/install.log --single-version-externally-managed install_data
[1.211s] Level 1:colcon.colcon_core.environment:checking '/home/csrobot/turtlebot3_ws/install/turtlebot3_navigation' for CMake module files
[1.212s] Level 1:colcon.colcon_core.environment:checking '/home/csrobot/turtlebot3_ws/install/turtlebot3_navigation' for CMake config files
[1.213s] Level 1:colcon.colcon_core.environment:checking '/home/csrobot/turtlebot3_ws/install/turtlebot3_navigation/lib'
[1.213s] Level 1:colcon.colcon_core.environment:checking '/home/csrobot/turtlebot3_ws/install/turtlebot3_navigation/bin'
[1.213s] Level 1:colcon.colcon_core.environment:checking '/home/csrobot/turtlebot3_ws/install/turtlebot3_navigation/lib/pkgconfig/turtlebot3_navigation.pc'
[1.213s] Level 1:colcon.colcon_core.environment:checking '/home/csrobot/turtlebot3_ws/install/turtlebot3_navigation/lib/python3.10/site-packages'
[1.213s] Level 1:colcon.colcon_core.shell:create_environment_hook('turtlebot3_navigation', 'pythonpath')
[1.214s] INFO:colcon.colcon_core.shell:Creating environment hook '/home/csrobot/turtlebot3_ws/install/turtlebot3_navigation/share/turtlebot3_navigation/hook/pythonpath.ps1'
[1.214s] INFO:colcon.colcon_core.shell:Creating environment descriptor '/home/csrobot/turtlebot3_ws/install/turtlebot3_navigation/share/turtlebot3_navigation/hook/pythonpath.dsv'
[1.215s] INFO:colcon.colcon_core.shell:Creating environment hook '/home/csrobot/turtlebot3_ws/install/turtlebot3_navigation/share/turtlebot3_navigation/hook/pythonpath.sh'
[1.215s] Level 1:colcon.colcon_core.environment:checking '/home/csrobot/turtlebot3_ws/install/turtlebot3_navigation/bin'
[1.215s] Level 1:colcon.colcon_core.environment:create_environment_scripts_only(turtlebot3_navigation)
[1.216s] INFO:colcon.colcon_core.shell:Creating package script '/home/csrobot/turtlebot3_ws/install/turtlebot3_navigation/share/turtlebot3_navigation/package.ps1'
[1.217s] INFO:colcon.colcon_core.shell:Creating package descriptor '/home/csrobot/turtlebot3_ws/install/turtlebot3_navigation/share/turtlebot3_navigation/package.dsv'
[1.218s] INFO:colcon.colcon_core.shell:Creating package script '/home/csrobot/turtlebot3_ws/install/turtlebot3_navigation/share/turtlebot3_navigation/package.sh'
[1.219s] INFO:colcon.colcon_core.shell:Creating package script '/home/csrobot/turtlebot3_ws/install/turtlebot3_navigation/share/turtlebot3_navigation/package.bash'
[1.220s] INFO:colcon.colcon_core.shell:Creating package script '/home/csrobot/turtlebot3_ws/install/turtlebot3_navigation/share/turtlebot3_navigation/package.zsh'
[1.221s] Level 1:colcon.colcon_core.environment:create_file_with_runtime_dependencies(/home/csrobot/turtlebot3_ws/install/turtlebot3_navigation/share/colcon-core/packages/turtlebot3_navigation)
[1.222s] Level 1:colcon.colcon_core.environment:checking '/home/csrobot/turtlebot3_ws/install/path_planner_server' for CMake module files
[1.222s] DEBUG:colcon.colcon_core.event_handler.log_command:Invoked command in '/home/csrobot/turtlebot3_ws/src/path_planner_server' returned '0': PYTHONPATH=/home/csrobot/turtlebot3_ws/build/path_planner_server/prefix_override:/home/csrobot/turtlebot3_ws/install/path_planner_server/lib/python3.10/site-packages:${PYTHONPATH} /usr/bin/python3 -W ignore:setup.py install is deprecated setup.py egg_info --egg-base ../../build/path_planner_server build --build-base /home/csrobot/turtlebot3_ws/build/path_planner_server/build install --record /home/csrobot/turtlebot3_ws/build/path_planner_server/install.log --single-version-externally-managed install_data
[1.223s] Level 1:colcon.colcon_core.environment:checking '/home/csrobot/turtlebot3_ws/install/path_planner_server' for CMake config files
[1.223s] Level 1:colcon.colcon_core.environment:checking '/home/csrobot/turtlebot3_ws/install/path_planner_server/lib'
[1.224s] Level 1:colcon.colcon_core.environment:checking '/home/csrobot/turtlebot3_ws/install/path_planner_server/bin'
[1.224s] Level 1:colcon.colcon_core.environment:checking '/home/csrobot/turtlebot3_ws/install/path_planner_server/lib/pkgconfig/path_planner_server.pc'
[1.224s] Level 1:colcon.colcon_core.environment:checking '/home/csrobot/turtlebot3_ws/install/path_planner_server/lib/python3.10/site-packages'
[1.224s] Level 1:colcon.colcon_core.shell:create_environment_hook('path_planner_server', 'pythonpath')
[1.224s] INFO:colcon.colcon_core.shell:Creating environment hook '/home/csrobot/turtlebot3_ws/install/path_planner_server/share/path_planner_server/hook/pythonpath.ps1'
[1.225s] INFO:colcon.colcon_core.shell:Creating environment descriptor '/home/csrobot/turtlebot3_ws/install/path_planner_server/share/path_planner_server/hook/pythonpath.dsv'
[1.225s] INFO:colcon.colcon_core.shell:Creating environment hook '/home/csrobot/turtlebot3_ws/install/path_planner_server/share/path_planner_server/hook/pythonpath.sh'
[1.226s] Level 1:colcon.colcon_core.environment:checking '/home/csrobot/turtlebot3_ws/install/path_planner_server/bin'
[1.226s] Level 1:colcon.colcon_core.environment:create_environment_scripts_only(path_planner_server)
[1.226s] INFO:colcon.colcon_core.shell:Creating package script '/home/csrobot/turtlebot3_ws/install/path_planner_server/share/path_planner_server/package.ps1'
[1.226s] INFO:colcon.colcon_core.shell:Creating package descriptor '/home/csrobot/turtlebot3_ws/install/path_planner_server/share/path_planner_server/package.dsv'
[1.227s] INFO:colcon.colcon_core.shell:Creating package script '/home/csrobot/turtlebot3_ws/install/path_planner_server/share/path_planner_server/package.sh'
[1.227s] INFO:colcon.colcon_core.shell:Creating package script '/home/csrobot/turtlebot3_ws/install/path_planner_server/share/path_planner_server/package.bash'
[1.228s] INFO:colcon.colcon_core.shell:Creating package script '/home/csrobot/turtlebot3_ws/install/path_planner_server/share/path_planner_server/package.zsh'
[1.228s] Level 1:colcon.colcon_core.environment:create_file_with_runtime_dependencies(/home/csrobot/turtlebot3_ws/install/path_planner_server/share/colcon-core/packages/path_planner_server)
[1.229s] DEBUG:colcon.colcon_parallel_executor.executor.parallel:closing loop
[1.229s] DEBUG:colcon.colcon_parallel_executor.executor.parallel:loop closed
[1.229s] DEBUG:colcon.colcon_parallel_executor.executor.parallel:run_until_complete finished with '0'
[1.229s] DEBUG:colcon.colcon_core.event_reactor:joining thread
[1.233s] INFO:colcon.colcon_core.plugin_system:Skipping extension 'colcon_notification.desktop_notification.terminal_notifier': Not used on non-Darwin systems
[1.233s] INFO:colcon.colcon_core.plugin_system:Skipping extension 'colcon_notification.desktop_notification.win32': Not used on non-Windows systems
[1.233s] INFO:colcon.colcon_notification.desktop_notification:Sending desktop notification using 'notify2'
[1.242s] DEBUG:colcon.colcon_core.event_reactor:joined thread
[1.242s] INFO:colcon.colcon_core.shell:Creating prefix script '/home/csrobot/turtlebot3_ws/install/local_setup.ps1'
[1.242s] INFO:colcon.colcon_core.shell:Creating prefix util module '/home/csrobot/turtlebot3_ws/install/_local_setup_util_ps1.py'
[1.243s] INFO:colcon.colcon_core.shell:Creating prefix chain script '/home/csrobot/turtlebot3_ws/install/setup.ps1'
[1.244s] INFO:colcon.colcon_core.shell:Creating prefix script '/home/csrobot/turtlebot3_ws/install/local_setup.sh'
[1.244s] INFO:colcon.colcon_core.shell:Creating prefix util module '/home/csrobot/turtlebot3_ws/install/_local_setup_util_sh.py'
[1.245s] INFO:colcon.colcon_core.shell:Creating prefix chain script '/home/csrobot/turtlebot3_ws/install/setup.sh'
[1.245s] INFO:colcon.colcon_core.shell:Creating prefix script '/home/csrobot/turtlebot3_ws/install/local_setup.bash'
[1.246s] INFO:colcon.colcon_core.shell:Creating prefix chain script '/home/csrobot/turtlebot3_ws/install/setup.bash'
[1.246s] INFO:colcon.colcon_core.shell:Creating prefix script '/home/csrobot/turtlebot3_ws/install/local_setup.zsh'
[1.247s] INFO:colcon.colcon_core.shell:Creating prefix chain script '/home/csrobot/turtlebot3_ws/install/setup.zsh'
