running egg_info
writing ../../build/turtlebot3_navigation/turtlebot3_navigation.egg-info/PKG-INFO
writing dependency_links to ../../build/turtlebot3_navigation/turtlebot3_navigation.egg-info/dependency_links.txt
writing entry points to ../../build/turtlebot3_navigation/turtlebot3_navigation.egg-info/entry_points.txt
writing requirements to ../../build/turtlebot3_navigation/turtlebot3_navigation.egg-info/requires.txt
writing top-level names to ../../build/turtlebot3_navigation/turtlebot3_navigation.egg-info/top_level.txt
reading manifest file '../../build/turtlebot3_navigation/turtlebot3_navigation.egg-info/SOURCES.txt'
writing manifest file '../../build/turtlebot3_navigation/turtlebot3_navigation.egg-info/SOURCES.txt'
running build
running build_py
copying turtlebot3_navigation/follow_waypoints.py -> /home/csrobot/turtlebot3_ws/build/turtlebot3_navigation/build/lib/turtlebot3_navigation
running install
running install_lib
copying /home/csrobot/turtlebot3_ws/build/turtlebot3_navigation/build/lib/turtlebot3_navigation/follow_waypoints.py -> /home/csrobot/turtlebot3_ws/install/turtlebot3_navigation/lib/python3.10/site-packages/turtlebot3_navigation
byte-compiling /home/csrobot/turtlebot3_ws/install/turtlebot3_navigation/lib/python3.10/site-packages/turtlebot3_navigation/follow_waypoints.py to follow_waypoints.cpython-310.pyc
running install_data
running install_egg_info
removing '/home/csrobot/turtlebot3_ws/install/turtlebot3_navigation/lib/python3.10/site-packages/turtlebot3_navigation-0.0.0-py3.10.egg-info' (and everything under it)
Copying ../../build/turtlebot3_navigation/turtlebot3_navigation.egg-info to /home/csrobot/turtlebot3_ws/install/turtlebot3_navigation/lib/python3.10/site-packages/turtlebot3_navigation-0.0.0-py3.10.egg-info
running install_scripts
Installing example_node script to /home/csrobot/turtlebot3_ws/install/turtlebot3_navigation/lib/turtlebot3_navigation
writing list of installed files to '/home/csrobot/turtlebot3_ws/build/turtlebot3_navigation/install.log'
