[0.515s] Invoking command in '/home/csrobot/turtlebot3_ws/src/turtlebot3_navigation': PYTHONPATH=/home/csrobot/turtlebot3_ws/build/turtlebot3_navigation/prefix_override:/home/csrobot/turtlebot3_ws/install/turtlebot3_navigation/lib/python3.10/site-packages:${PYTHONPATH} /usr/bin/python3 -W ignore:setup.py install is deprecated setup.py egg_info --egg-base ../../build/turtlebot3_navigation build --build-base /home/csrobot/turtlebot3_ws/build/turtlebot3_navigation/build install --record /home/csrobot/turtlebot3_ws/build/turtlebot3_navigation/install.log --single-version-externally-managed install_data
[0.718s] running egg_info
[0.718s] writing ../../build/turtlebot3_navigation/turtlebot3_navigation.egg-info/PKG-INFO
[0.718s] writing dependency_links to ../../build/turtlebot3_navigation/turtlebot3_navigation.egg-info/dependency_links.txt
[0.718s] writing entry points to ../../build/turtlebot3_navigation/turtlebot3_navigation.egg-info/entry_points.txt
[0.718s] writing requirements to ../../build/turtlebot3_navigation/turtlebot3_navigation.egg-info/requires.txt
[0.718s] writing top-level names to ../../build/turtlebot3_navigation/turtlebot3_navigation.egg-info/top_level.txt
[0.719s] reading manifest file '../../build/turtlebot3_navigation/turtlebot3_navigation.egg-info/SOURCES.txt'
[0.720s] writing manifest file '../../build/turtlebot3_navigation/turtlebot3_navigation.egg-info/SOURCES.txt'
[0.720s] running build
[0.721s] running build_py
[0.721s] running install
[0.721s] running install_lib
[0.722s] running install_data
[0.722s] running install_egg_info
[0.724s] removing '/home/csrobot/turtlebot3_ws/install/turtlebot3_navigation/lib/python3.10/site-packages/turtlebot3_navigation-0.0.0-py3.10.egg-info' (and everything under it)
[0.724s] Copying ../../build/turtlebot3_navigation/turtlebot3_navigation.egg-info to /home/csrobot/turtlebot3_ws/install/turtlebot3_navigation/lib/python3.10/site-packages/turtlebot3_navigation-0.0.0-py3.10.egg-info
[0.725s] running install_scripts
[0.740s] Installing example_node script to /home/csrobot/turtlebot3_ws/install/turtlebot3_navigation/lib/turtlebot3_navigation
[0.740s] writing list of installed files to '/home/csrobot/turtlebot3_ws/build/turtlebot3_navigation/install.log'
[0.757s] Invoked command in '/home/csrobot/turtlebot3_ws/src/turtlebot3_navigation' returned '0': PYTHONPATH=/home/csrobot/turtlebot3_ws/build/turtlebot3_navigation/prefix_override:/home/csrobot/turtlebot3_ws/install/turtlebot3_navigation/lib/python3.10/site-packages:${PYTHONPATH} /usr/bin/python3 -W ignore:setup.py install is deprecated setup.py egg_info --egg-base ../../build/turtlebot3_navigation build --build-base /home/csrobot/turtlebot3_ws/build/turtlebot3_navigation/build install --record /home/csrobot/turtlebot3_ws/build/turtlebot3_navigation/install.log --single-version-externally-managed install_data
