/home/csrobot/turtlebot3_ws/install/turtlebot3_navigation/lib/python3.10/site-packages/turtlebot3_navigation/__init__.py
/home/csrobot/turtlebot3_ws/install/turtlebot3_navigation/lib/python3.10/site-packages/turtlebot3_navigation/example.py
/home/csrobot/turtlebot3_ws/install/turtlebot3_navigation/lib/python3.10/site-packages/turtlebot3_navigation/follow_waypoints.py
/home/csrobot/turtlebot3_ws/install/turtlebot3_navigation/lib/python3.10/site-packages/turtlebot3_navigation/__pycache__/__init__.cpython-310.pyc
/home/csrobot/turtlebot3_ws/install/turtlebot3_navigation/lib/python3.10/site-packages/turtlebot3_navigation/__pycache__/example.cpython-310.pyc
/home/csrobot/turtlebot3_ws/install/turtlebot3_navigation/lib/python3.10/site-packages/turtlebot3_navigation/__pycache__/follow_waypoints.cpython-310.pyc
/home/csrobot/turtlebot3_ws/install/turtlebot3_navigation/share/ament_index/resource_index/packages/turtlebot3_navigation
/home/csrobot/turtlebot3_ws/install/turtlebot3_navigation/share/turtlebot3_navigation/package.xml
/home/csrobot/turtlebot3_ws/install/turtlebot3_navigation/share/turtlebot3_navigation/navigation.launch.py
/home/csrobot/turtlebot3_ws/install/turtlebot3_navigation/share/turtlebot3_navigation/config/planner_server.yaml
/home/csrobot/turtlebot3_ws/install/turtlebot3_navigation/share/turtlebot3_navigation/config/thismap.yaml
/home/csrobot/turtlebot3_ws/install/turtlebot3_navigation/share/turtlebot3_navigation/config/behavior.xml
/home/csrobot/turtlebot3_ws/install/turtlebot3_navigation/share/turtlebot3_navigation/config/amcl_config.yaml
/home/csrobot/turtlebot3_ws/install/turtlebot3_navigation/share/turtlebot3_navigation/config/bt_navigator.yaml
/home/csrobot/turtlebot3_ws/install/turtlebot3_navigation/share/turtlebot3_navigation/config/recovery.yaml
/home/csrobot/turtlebot3_ws/install/turtlebot3_navigation/share/turtlebot3_navigation/config/waypoint_follower.yaml
/home/csrobot/turtlebot3_ws/install/turtlebot3_navigation/share/turtlebot3_navigation/config/editmap.pgm
/home/csrobot/turtlebot3_ws/install/turtlebot3_navigation/share/turtlebot3_navigation/config/thismap.pgm
/home/csrobot/turtlebot3_ws/install/turtlebot3_navigation/share/turtlebot3_navigation/config/controller.yaml
/home/csrobot/turtlebot3_ws/install/turtlebot3_navigation/share/turtlebot3_navigation/config/editmap.yaml
/home/csrobot/turtlebot3_ws/install/turtlebot3_navigation/lib/python3.10/site-packages/turtlebot3_navigation-0.0.0-py3.10.egg-info/entry_points.txt
/home/csrobot/turtlebot3_ws/install/turtlebot3_navigation/lib/python3.10/site-packages/turtlebot3_navigation-0.0.0-py3.10.egg-info/dependency_links.txt
/home/csrobot/turtlebot3_ws/install/turtlebot3_navigation/lib/python3.10/site-packages/turtlebot3_navigation-0.0.0-py3.10.egg-info/SOURCES.txt
/home/csrobot/turtlebot3_ws/install/turtlebot3_navigation/lib/python3.10/site-packages/turtlebot3_navigation-0.0.0-py3.10.egg-info/top_level.txt
/home/csrobot/turtlebot3_ws/install/turtlebot3_navigation/lib/python3.10/site-packages/turtlebot3_navigation-0.0.0-py3.10.egg-info/requires.txt
/home/csrobot/turtlebot3_ws/install/turtlebot3_navigation/lib/python3.10/site-packages/turtlebot3_navigation-0.0.0-py3.10.egg-info/PKG-INFO
/home/csrobot/turtlebot3_ws/install/turtlebot3_navigation/lib/python3.10/site-packages/turtlebot3_navigation-0.0.0-py3.10.egg-info/zip-safe
/home/csrobot/turtlebot3_ws/install/turtlebot3_navigation/lib/turtlebot3_navigation/example_node
