[0.470s] Invoking command in '/home/csrobot/turtlebot3_ws/src/turtlebot3_navigation': PYTHONPATH=/home/csrobot/turtlebot3_ws/build/turtlebot3_navigation/prefix_override:/home/csrobot/turtlebot3_ws/install/turtlebot3_navigation/lib/python3.10/site-packages:${PYTHONPATH} /usr/bin/python3 -W ignore:setup.py install is deprecated setup.py egg_info --egg-base ../../build/turtlebot3_navigation build --build-base /home/csrobot/turtlebot3_ws/build/turtlebot3_navigation/build install --record /home/csrobot/turtlebot3_ws/build/turtlebot3_navigation/install.log --single-version-externally-managed install_data
[0.648s] running egg_info
[0.648s] writing ../../build/turtlebot3_navigation/turtlebot3_navigation.egg-info/PKG-INFO
[0.649s] writing dependency_links to ../../build/turtlebot3_navigation/turtlebot3_navigation.egg-info/dependency_links.txt
[0.649s] writing entry points to ../../build/turtlebot3_navigation/turtlebot3_navigation.egg-info/entry_points.txt
[0.649s] writing requirements to ../../build/turtlebot3_navigation/turtlebot3_navigation.egg-info/requires.txt
[0.649s] writing top-level names to ../../build/turtlebot3_navigation/turtlebot3_navigation.egg-info/top_level.txt
[0.650s] reading manifest file '../../build/turtlebot3_navigation/turtlebot3_navigation.egg-info/SOURCES.txt'
[0.651s] writing manifest file '../../build/turtlebot3_navigation/turtlebot3_navigation.egg-info/SOURCES.txt'
[0.651s] running build
[0.651s] running build_py
[0.651s] running install
[0.651s] running install_lib
[0.652s] running install_data
[0.652s] copying launch/navigation.launch.py -> /home/csrobot/turtlebot3_ws/install/turtlebot3_navigation/share/turtlebot3_navigation
[0.652s] copying config/planner_server.yaml -> /home/csrobot/turtlebot3_ws/install/turtlebot3_navigation/share/turtlebot3_navigation/config
[0.652s] copying config/recovery.yaml -> /home/csrobot/turtlebot3_ws/install/turtlebot3_navigation/share/turtlebot3_navigation/config
[0.653s] running install_egg_info
[0.654s] removing '/home/csrobot/turtlebot3_ws/install/turtlebot3_navigation/lib/python3.10/site-packages/turtlebot3_navigation-0.0.0-py3.10.egg-info' (and everything under it)
[0.654s] Copying ../../build/turtlebot3_navigation/turtlebot3_navigation.egg-info to /home/csrobot/turtlebot3_ws/install/turtlebot3_navigation/lib/python3.10/site-packages/turtlebot3_navigation-0.0.0-py3.10.egg-info
[0.655s] running install_scripts
[0.669s] Installing example_node script to /home/csrobot/turtlebot3_ws/install/turtlebot3_navigation/lib/turtlebot3_navigation
[0.670s] writing list of installed files to '/home/csrobot/turtlebot3_ws/build/turtlebot3_navigation/install.log'
[0.685s] Invoked command in '/home/csrobot/turtlebot3_ws/src/turtlebot3_navigation' returned '0': PYTHONPATH=/home/csrobot/turtlebot3_ws/build/turtlebot3_navigation/prefix_override:/home/csrobot/turtlebot3_ws/install/turtlebot3_navigation/lib/python3.10/site-packages:${PYTHONPATH} /usr/bin/python3 -W ignore:setup.py install is deprecated setup.py egg_info --egg-base ../../build/turtlebot3_navigation build --build-base /home/csrobot/turtlebot3_ws/build/turtlebot3_navigation/build install --record /home/csrobot/turtlebot3_ws/build/turtlebot3_navigation/install.log --single-version-externally-managed install_data
