[0.466s] Invoking command in '/home/csrobot/turtlebot3_ws/src/turtlebot3_navigation': PYTHONPATH=/home/csrobot/turtlebot3_ws/build/turtlebot3_navigation/prefix_override:/home/csrobot/turtlebot3_ws/install/turtlebot3_navigation/lib/python3.10/site-packages:${PYTHONPATH} /usr/bin/python3 -W ignore:setup.py install is deprecated setup.py egg_info --egg-base ../../build/turtlebot3_navigation build --build-base /home/csrobot/turtlebot3_ws/build/turtlebot3_navigation/build install --record /home/csrobot/turtlebot3_ws/build/turtlebot3_navigation/install.log --single-version-externally-managed install_data
[0.650s] running egg_info
[0.650s] writing ../../build/turtlebot3_navigation/turtlebot3_navigation.egg-info/PKG-INFO
[0.650s] writing dependency_links to ../../build/turtlebot3_navigation/turtlebot3_navigation.egg-info/dependency_links.txt
[0.650s] writing entry points to ../../build/turtlebot3_navigation/turtlebot3_navigation.egg-info/entry_points.txt
[0.650s] writing requirements to ../../build/turtlebot3_navigation/turtlebot3_navigation.egg-info/requires.txt
[0.650s] writing top-level names to ../../build/turtlebot3_navigation/turtlebot3_navigation.egg-info/top_level.txt
[0.652s] reading manifest file '../../build/turtlebot3_navigation/turtlebot3_navigation.egg-info/SOURCES.txt'
[0.652s] writing manifest file '../../build/turtlebot3_navigation/turtlebot3_navigation.egg-info/SOURCES.txt'
[0.653s] running build
[0.653s] running build_py
[0.653s] running install
[0.653s] running install_lib
[0.654s] running install_data
[0.654s] running install_egg_info
[0.655s] removing '/home/csrobot/turtlebot3_ws/install/turtlebot3_navigation/lib/python3.10/site-packages/turtlebot3_navigation-0.0.0-py3.10.egg-info' (and everything under it)
[0.656s] Copying ../../build/turtlebot3_navigation/turtlebot3_navigation.egg-info to /home/csrobot/turtlebot3_ws/install/turtlebot3_navigation/lib/python3.10/site-packages/turtlebot3_navigation-0.0.0-py3.10.egg-info
[0.656s] running install_scripts
[0.671s] Installing example_node script to /home/csrobot/turtlebot3_ws/install/turtlebot3_navigation/lib/turtlebot3_navigation
[0.671s] writing list of installed files to '/home/csrobot/turtlebot3_ws/build/turtlebot3_navigation/install.log'
[0.686s] Invoked command in '/home/csrobot/turtlebot3_ws/src/turtlebot3_navigation' returned '0': PYTHONPATH=/home/csrobot/turtlebot3_ws/build/turtlebot3_navigation/prefix_override:/home/csrobot/turtlebot3_ws/install/turtlebot3_navigation/lib/python3.10/site-packages:${PYTHONPATH} /usr/bin/python3 -W ignore:setup.py install is deprecated setup.py egg_info --egg-base ../../build/turtlebot3_navigation build --build-base /home/csrobot/turtlebot3_ws/build/turtlebot3_navigation/build install --record /home/csrobot/turtlebot3_ws/build/turtlebot3_navigation/install.log --single-version-externally-managed install_data
