[0.693s] Invoking command in '/home/csrobot/turtlebot3_ws/src/path_planner_server': PYTHONPATH=/home/csrobot/turtlebot3_ws/build/path_planner_server/prefix_override:/home/csrobot/turtlebot3_ws/install/path_planner_server/lib/python3.10/site-packages:${PYTHONPATH} /usr/bin/python3 -W ignore:setup.py install is deprecated setup.py egg_info --egg-base ../../build/path_planner_server build --build-base /home/csrobot/turtlebot3_ws/build/path_planner_server/build install --record /home/csrobot/turtlebot3_ws/build/path_planner_server/install.log --single-version-externally-managed install_data
[0.880s] running egg_info
[0.880s] creating ../../build/path_planner_server/path_planner_server.egg-info
[0.880s] writing ../../build/path_planner_server/path_planner_server.egg-info/PKG-INFO
[0.881s] writing dependency_links to ../../build/path_planner_server/path_planner_server.egg-info/dependency_links.txt
[0.881s] writing entry points to ../../build/path_planner_server/path_planner_server.egg-info/entry_points.txt
[0.881s] writing requirements to ../../build/path_planner_server/path_planner_server.egg-info/requires.txt
[0.881s] writing top-level names to ../../build/path_planner_server/path_planner_server.egg-info/top_level.txt
[0.881s] writing manifest file '../../build/path_planner_server/path_planner_server.egg-info/SOURCES.txt'
[0.882s] reading manifest file '../../build/path_planner_server/path_planner_server.egg-info/SOURCES.txt'
[0.883s] writing manifest file '../../build/path_planner_server/path_planner_server.egg-info/SOURCES.txt'
[0.883s] running build
[0.883s] running build_py
[0.883s] creating /home/csrobot/turtlebot3_ws/build/path_planner_server/build
[0.883s] creating /home/csrobot/turtlebot3_ws/build/path_planner_server/build/lib
[0.883s] creating /home/csrobot/turtlebot3_ws/build/path_planner_server/build/lib/path_planner_server
[0.883s] copying path_planner_server/__init__.py -> /home/csrobot/turtlebot3_ws/build/path_planner_server/build/lib/path_planner_server
[0.884s] running install
[0.884s] running install_lib
[0.884s] creating /home/csrobot/turtlebot3_ws/install/path_planner_server/lib/python3.10/site-packages/path_planner_server
[0.884s] copying /home/csrobot/turtlebot3_ws/build/path_planner_server/build/lib/path_planner_server/__init__.py -> /home/csrobot/turtlebot3_ws/install/path_planner_server/lib/python3.10/site-packages/path_planner_server
[0.885s] byte-compiling /home/csrobot/turtlebot3_ws/install/path_planner_server/lib/python3.10/site-packages/path_planner_server/__init__.py to __init__.cpython-310.pyc
[0.885s] running install_data
[0.885s] creating /home/csrobot/turtlebot3_ws/install/path_planner_server/share/ament_index
[0.885s] creating /home/csrobot/turtlebot3_ws/install/path_planner_server/share/ament_index/resource_index
[0.885s] creating /home/csrobot/turtlebot3_ws/install/path_planner_server/share/ament_index/resource_index/packages
[0.885s] copying resource/path_planner_server -> /home/csrobot/turtlebot3_ws/install/path_planner_server/share/ament_index/resource_index/packages
[0.885s] copying package.xml -> /home/csrobot/turtlebot3_ws/install/path_planner_server/share/path_planner_server
[0.886s] running install_egg_info
[0.887s] Copying ../../build/path_planner_server/path_planner_server.egg-info to /home/csrobot/turtlebot3_ws/install/path_planner_server/lib/python3.10/site-packages/path_planner_server-0.0.0-py3.10.egg-info
[0.888s] running install_scripts
[0.903s] writing list of installed files to '/home/csrobot/turtlebot3_ws/build/path_planner_server/install.log'
[0.927s] Invoked command in '/home/csrobot/turtlebot3_ws/src/path_planner_server' returned '0': PYTHONPATH=/home/csrobot/turtlebot3_ws/build/path_planner_server/prefix_override:/home/csrobot/turtlebot3_ws/install/path_planner_server/lib/python3.10/site-packages:${PYTHONPATH} /usr/bin/python3 -W ignore:setup.py install is deprecated setup.py egg_info --egg-base ../../build/path_planner_server build --build-base /home/csrobot/turtlebot3_ws/build/path_planner_server/build install --record /home/csrobot/turtlebot3_ws/build/path_planner_server/install.log --single-version-externally-managed install_data
